{"/home/mrahk/Documents/development/Projects/UnitTestingWithJest/src/shoppinglist/shoppinglist.js": {"path":"/home/mrahk/Documents/development/Projects/UnitTestingWithJest/src/shoppinglist/shoppinglist.js","statementMap":{"0":{"start":{"line":1,"column":21},"end":{"line":1,"column":47}},"1":{"start":{"line":2,"column":0},"end":{"line":2,"column":30}}},"fnMap":{},"branchMap":{},"s":{"0":1,"1":1},"f":{},"b":{},"_coverageSchema":"1a1c01bbd47fc00a2c39e90264f33305004495a9","hash":"0258a32d59e58cb629d45c97c4c0b0f7fbc15c86"}
,"/home/mrahk/Documents/development/Projects/UnitTestingWithJest/src/sum/sum.js": {"path":"/home/mrahk/Documents/development/Projects/UnitTestingWithJest/src/sum/sum.js","statementMap":{"0":{"start":{"line":2,"column":2},"end":{"line":2,"column":15}},"1":{"start":{"line":4,"column":0},"end":{"line":4,"column":21}}},"fnMap":{"0":{"name":"sum","decl":{"start":{"line":1,"column":9},"end":{"line":1,"column":12}},"loc":{"start":{"line":1,"column":19},"end":{"line":3,"column":1}},"line":1}},"branchMap":{},"s":{"0":1,"1":1},"f":{"0":1},"b":{},"_coverageSchema":"1a1c01bbd47fc00a2c39e90264f33305004495a9","hash":"776b9db0d3a6fb0a4d1ebf6600f7ad951c444201"}
}
